[debug] [2020-06-29T21:14:39.196Z] ----------------------------------------------------------------------
[debug] [2020-06-29T21:14:39.199Z] Command:       /usr/local/bin/node /usr/local/bin/firebase deploy
[debug] [2020-06-29T21:14:39.199Z] CLI Version:   7.6.2
[debug] [2020-06-29T21:14:39.199Z] Platform:      darwin
[debug] [2020-06-29T21:14:39.199Z] Node Version:  v10.16.3
[debug] [2020-06-29T21:14:39.205Z] Time:          Mon Jun 29 2020 18:14:39 GMT-0300 (GMT-03:00)
[debug] [2020-06-29T21:14:39.205Z] ----------------------------------------------------------------------
[debug] [2020-06-29T21:14:39.205Z] 
[debug] [2020-06-29T21:14:39.215Z] > command requires scopes: ["email","openid","https://www.googleapis.com/auth/cloudplatformprojects.readonly","https://www.googleapis.com/auth/firebase","https://www.googleapis.com/auth/cloud-platform"]
[debug] [2020-06-29T21:14:39.215Z] > authorizing via signed-in user
[debug] [2020-06-29T21:14:39.215Z] [iam] checking project julia-ballet for permissions ["firebase.projects.get","firebasehosting.sites.update"]
[debug] [2020-06-29T21:14:39.217Z] > refreshing access token with scopes: ["email","https://www.googleapis.com/auth/cloud-platform","https://www.googleapis.com/auth/cloudplatformprojects.readonly","https://www.googleapis.com/auth/firebase","openid"]
[debug] [2020-06-29T21:14:39.217Z] >>> HTTP REQUEST POST https://www.googleapis.com/oauth2/v3/token  
 <request body omitted>
[debug] [2020-06-29T21:14:39.463Z] <<< HTTP RESPONSE 200
[debug] [2020-06-29T21:14:39.486Z] >>> HTTP REQUEST POST https://cloudresourcemanager.googleapis.com/v1/projects/julia-ballet:testIamPermissions  

[debug] [2020-06-29T21:14:40.669Z] <<< HTTP RESPONSE 200
[debug] [2020-06-29T21:14:40.671Z] >>> HTTP REQUEST GET https://firebase.googleapis.com/v1beta1/projects/julia-ballet  
 
[debug] [2020-06-29T21:14:41.283Z] <<< HTTP RESPONSE 200
[info] 
[info] === Deploying to 'julia-ballet'...
[info] 
[info] i  deploying hosting
[debug] [2020-06-29T21:14:41.290Z] >>> HTTP REQUEST POST https://firebasehosting.googleapis.com/v1beta1/sites/julia-ballet/versions  

[debug] [2020-06-29T21:14:42.935Z] <<< HTTP RESPONSE 200
[info] i  hosting[julia-ballet]: beginning deploy...
[info] i  hosting[julia-ballet]: found 104 files in public
[debug] [2020-06-29T21:14:43.151Z] [hosting] hash cache [cHVibGlj] stored for 104 files
[debug] [2020-06-29T21:14:43.151Z] [hosting][hash queue][FINAL]
[debug] [2020-06-29T21:14:43.151Z] >>> HTTP REQUEST POST https://firebasehosting.googleapis.com/v1beta1/sites/julia-ballet/versions/fcbe9d61a9eb9912:populateFiles  
 <request body omitted>
[debug] [2020-06-29T21:14:44.560Z] <<< HTTP RESPONSE 200
[debug] [2020-06-29T21:14:44.593Z] [hosting][populate queue][FINAL]
[debug] [2020-06-29T21:14:44.593Z] [hosting] uploads queued: 30
